{"contracts/Coins.sol":{"l":{"18":15,"22":5,"23":5,"25":5,"29":3,"30":1,"33":2,"35":2,"40":8,"44":1},"path":"/home/karthik/College Development/over-engineered/contracts/Coins.sol","s":{"1":5,"2":3,"3":2,"4":8,"5":1},"b":{"1":[1,2]},"f":{"1":15,"2":5,"3":3,"4":8,"5":1},"fnMap":{"1":{"name":"constructor","line":17,"loc":{"start":{"line":17,"column":4},"end":{"line":19,"column":4}}},"2":{"name":"transfer","line":21,"loc":{"start":{"line":21,"column":4},"end":{"line":26,"column":4}}},"3":{"name":"spendCoins","line":28,"loc":{"start":{"line":28,"column":4},"end":{"line":36,"column":4}}},"4":{"name":"getBalance","line":39,"loc":{"start":{"line":39,"column":4},"end":{"line":41,"column":4}}},"5":{"name":"totalMinted","line":43,"loc":{"start":{"line":43,"column":4},"end":{"line":45,"column":4}}}},"statementMap":{"1":{"start":{"line":25,"column":8},"end":{"line":25,"column":37}},"2":{"start":{"line":29,"column":8},"end":{"line":29,"column":724}},"3":{"start":{"line":35,"column":8},"end":{"line":35,"column":36}},"4":{"start":{"line":40,"column":8},"end":{"line":40,"column":40}},"5":{"start":{"line":44,"column":8},"end":{"line":44,"column":20}}},"branchMap":{"1":{"line":29,"type":"if","locations":[{"start":{"line":29,"column":8},"end":{"line":29,"column":8}},{"start":{"line":29,"column":8},"end":{"line":29,"column":8}}]}}},"contracts/Todo.sol":{"l":{"36":27,"40":10,"50":10,"51":10,"53":10,"55":10,"59":2,"61":2,"65":2,"66":2,"68":2,"72":2,"73":2,"75":2,"80":2,"82":2,"83":2,"85":2,"86":3,"87":3,"88":3,"91":2,"95":2,"99":2,"103":5,"107":8,"111":2},"path":"/home/karthik/College Development/over-engineered/contracts/Todo.sol","s":{"1":10,"2":10,"3":10,"4":2,"5":2,"6":2,"7":2,"8":2,"9":2,"10":2,"11":3,"12":2,"13":2,"14":2,"15":5,"16":8,"17":2},"b":{},"f":{"1":27,"2":10,"3":2,"4":2,"5":2,"6":2,"7":2,"8":2,"9":5,"10":8,"11":2},"fnMap":{"1":{"name":"constructor","line":35,"loc":{"start":{"line":35,"column":4},"end":{"line":37,"column":4}}},"2":{"name":"createTask","line":39,"loc":{"start":{"line":39,"column":4},"end":{"line":56,"column":4}}},"3":{"name":"toggleTask","line":58,"loc":{"start":{"line":58,"column":4},"end":{"line":62,"column":4}}},"4":{"name":"setTaskStatus","line":64,"loc":{"start":{"line":64,"column":4},"end":{"line":69,"column":4}}},"5":{"name":"completeTask","line":71,"loc":{"start":{"line":71,"column":4},"end":{"line":76,"column":4}}},"6":{"name":"getUserTasks","line":79,"loc":{"start":{"line":79,"column":4},"end":{"line":92,"column":4}}},"7":{"name":"getAllTasks","line":94,"loc":{"start":{"line":94,"column":4},"end":{"line":96,"column":4}}},"8":{"name":"getTask","line":98,"loc":{"start":{"line":98,"column":4},"end":{"line":100,"column":4}}},"9":{"name":"getTaskName","line":102,"loc":{"start":{"line":102,"column":4},"end":{"line":104,"column":4}}},"10":{"name":"getTaskStatus","line":106,"loc":{"start":{"line":106,"column":4},"end":{"line":108,"column":4}}},"11":{"name":"getTaskOwner","line":110,"loc":{"start":{"line":110,"column":4},"end":{"line":112,"column":4}}}},"statementMap":{"1":{"start":{"line":40,"column":8},"end":{"line":40,"column":878}},"2":{"start":{"line":50,"column":8},"end":{"line":50,"column":46}},"3":{"start":{"line":55,"column":8},"end":{"line":55,"column":52}},"4":{"start":{"line":61,"column":8},"end":{"line":61,"column":71}},"5":{"start":{"line":68,"column":8},"end":{"line":68,"column":54}},"6":{"start":{"line":75,"column":8},"end":{"line":75,"column":51}},"7":{"start":{"line":80,"column":8},"end":{"line":80,"column":53}},"8":{"start":{"line":82,"column":8},"end":{"line":82,"column":58}},"9":{"start":{"line":83,"column":8},"end":{"line":83,"column":25}},"10":{"start":{"line":85,"column":8},"end":{"line":85,"column":2197}},"11":{"start":{"line":86,"column":12},"end":{"line":86,"column":54}},"12":{"start":{"line":91,"column":8},"end":{"line":91,"column":30}},"13":{"start":{"line":95,"column":8},"end":{"line":95,"column":20}},"14":{"start":{"line":99,"column":8},"end":{"line":99,"column":29}},"15":{"start":{"line":103,"column":8},"end":{"line":103,"column":37}},"16":{"start":{"line":107,"column":8},"end":{"line":107,"column":39}},"17":{"start":{"line":111,"column":8},"end":{"line":111,"column":37}}},"branchMap":{}}}